<?xml version="1.0" encoding="UTF-8"?>
<!-- Generated by org.testng.reporters.JUnitReportReporter -->
<testsuite skipped="0" hostname="DESKTOP-HFVGVI8" name="testcases.VerifyLoginPage" tests="1" failures="0" timestamp="2020-01-06T09:35:15 PST" time="3.630" errors="0">
  <testcase name="verifyValidLogin" time="3.630" classname="testcases.VerifyLoginPage"/>
</testsuite> <!-- testcases.VerifyLoginPage -->
