<?xml version="1.0" encoding="UTF-8"?>
<!-- Generated by org.testng.reporters.JUnitReportReporter -->
<testsuite skipped="0" hostname="DESKTOP-HFVGVI8" name="Reusables.Reusable1" tests="1" failures="0" timestamp="2020-01-06T08:56:19 IST" time="0.010" errors="0">
  <testcase name="main" time="0.010" classname="Reusables.Reusable1"/>
</testsuite> <!-- Reusables.Reusable1 -->
