<?xml version="1.0" encoding="UTF-8"?>
<!-- Generated by org.testng.reporters.JUnitReportReporter -->
<testsuite skipped="0" hostname="DESKTOP-HFVGVI8" name="testCases.Sikulidemo" tests="1" failures="0" timestamp="2020-01-07T09:15:37 IST" time="18.773" errors="0">
  <testcase name="fbLogin" time="18.773" classname="testCases.Sikulidemo"/>
</testsuite> <!-- testCases.Sikulidemo -->
